Using pre-set license
Built from '2021.3/staging' branch; Version is '2021.3.8f1 (b30333d56e81) revision 11731763'; Using compiler version '192829333'; Build Type 'Release'
OS: 'Windows 10  (10.0.19045) 64bit Core' Language: 'en' Physical Memory: 16160 MB
BatchMode: 1, IsHumanControllingUs: 0, StartBugReporterOnCrash: 0, Is64bit: 1, IsPro: 1

COMMAND LINE ARGUMENTS:
C:\Program Files\Unity\Hub\Editor\2021.3.8f1\Editor\Unity.exe
-adb2
-batchMode
-noUpm
-name
AssetImportWorker0
-projectPath
D:/kaiyan/Documents/GitHub/CEM-VR-Final/Unity Project/Giroux-CAP6117-SANC - crown
-logFile
Logs/AssetImportWorker0.log
-srvPort
52218
Successfully changed project path to: D:/kaiyan/Documents/GitHub/CEM-VR-Final/Unity Project/Giroux-CAP6117-SANC - crown
D:/kaiyan/Documents/GitHub/CEM-VR-Final/Unity Project/Giroux-CAP6117-SANC - crown
[UnityMemory] Configuration Parameters - Can be set up in boot.config
    "memorysetup-bucket-allocator-granularity=16"
    "memorysetup-bucket-allocator-bucket-count=8"
    "memorysetup-bucket-allocator-block-size=33554432"
    "memorysetup-bucket-allocator-block-count=8"
    "memorysetup-main-allocator-block-size=16777216"
    "memorysetup-thread-allocator-block-size=16777216"
    "memorysetup-gfx-main-allocator-block-size=16777216"
    "memorysetup-gfx-thread-allocator-block-size=16777216"
    "memorysetup-cache-allocator-block-size=4194304"
    "memorysetup-typetree-allocator-block-size=2097152"
    "memorysetup-profiler-bucket-allocator-granularity=16"
    "memorysetup-profiler-bucket-allocator-bucket-count=8"
    "memorysetup-profiler-bucket-allocator-block-size=33554432"
    "memorysetup-profiler-bucket-allocator-block-count=8"
    "memorysetup-profiler-allocator-block-size=16777216"
    "memorysetup-profiler-editor-allocator-block-size=1048576"
    "memorysetup-temp-allocator-size-main=16777216"
    "memorysetup-job-temp-allocator-block-size=2097152"
    "memorysetup-job-temp-allocator-block-size-background=1048576"
    "memorysetup-job-temp-allocator-reduction-small-platforms=262144"
    "memorysetup-temp-allocator-size-background-worker=32768"
    "memorysetup-temp-allocator-size-job-worker=262144"
    "memorysetup-temp-allocator-size-preload-manager=33554432"
    "memorysetup-temp-allocator-size-nav-mesh-worker=65536"
    "memorysetup-temp-allocator-size-audio-worker=65536"
    "memorysetup-temp-allocator-size-cloud-worker=32768"
    "memorysetup-temp-allocator-size-gi-baking-worker=262144"
    "memorysetup-temp-allocator-size-gfx=262144"
Refreshing native plugins compatible for Editor in 411.92 ms, found 12 plugins.
Preloading 1 native plugins for Editor in 26.56 ms.
Initialize engine version: 2021.3.8f1 (b30333d56e81)
[Subsystems] Discovering subsystems at path C:/Program Files/Unity/Hub/Editor/2021.3.8f1/Editor/Data/Resources/UnitySubsystems
[Subsystems] Discovering subsystems at path D:/kaiyan/Documents/GitHub/CEM-VR-Final/Unity Project/Giroux-CAP6117-SANC - crown/Assets
GfxDevice: creating device client; threaded=0; jobified=0
Direct3D:
    Version:  Direct3D 11.0 [level 11.1]
    Renderer: NVIDIA GeForce GTX 1660 Ti with Max-Q Design (ID=0x2191)
    Vendor:   NVIDIA
    VRAM:     5979 MB
    Driver:   31.0.15.4626
Initialize mono
Mono path[0] = 'C:/Program Files/Unity/Hub/Editor/2021.3.8f1/Editor/Data/Managed'
Mono path[1] = 'C:/Program Files/Unity/Hub/Editor/2021.3.8f1/Editor/Data/MonoBleedingEdge/lib/mono/unityjit-win32'
Mono config path = 'C:/Program Files/Unity/Hub/Editor/2021.3.8f1/Editor/Data/MonoBleedingEdge/etc'
Using monoOptions --debugger-agent=transport=dt_socket,embedding=1,server=y,suspend=n,address=127.0.0.1:56144
Begin MonoManager ReloadAssembly
Registering precompiled unity dll's ...
Register platform support module: C:/Program Files/Unity/Hub/Editor/2021.3.8f1/Editor/Data/PlaybackEngines/WindowsStandaloneSupport/UnityEditor.WindowsStandalone.Extensions.dll
Registered in 0.009749 seconds.
Native extension for WindowsStandalone target not found
Refreshing native plugins compatible for Editor in 86.09 ms, found 12 plugins.
Preloading 1 native plugins for Editor in 0.13 ms.
Mono: successfully reloaded assembly
- Completed reload, in  0.640 seconds
Domain Reload Profiling:
	ReloadAssembly (641ms)
		BeginReloadAssembly (99ms)
			ExecutionOrderSort (0ms)
			DisableScriptedObjects (0ms)
			BackupInstance (0ms)
			ReleaseScriptingObjects (0ms)
			CreateAndSetChildDomain (1ms)
		EndReloadAssembly (432ms)
			LoadAssemblies (96ms)
			RebuildTransferFunctionScriptingTraits (0ms)
			SetupTypeCache (93ms)
			ReleaseScriptCaches (0ms)
			RebuildScriptCaches (26ms)
			SetupLoadedEditorAssemblies (265ms)
				LogAssemblyErrors (0ms)
				InitializePlatformSupportModulesInManaged (7ms)
				SetLoadedEditorAssemblies (0ms)
				RefreshPlugins (86ms)
				BeforeProcessingInitializeOnLoad (1ms)
				ProcessInitializeOnLoadAttributes (124ms)
				ProcessInitializeOnLoadMethodAttributes (45ms)
				AfterProcessingInitializeOnLoad (0ms)
				EditorAssembliesLoaded (0ms)
			ExecutionOrderSort2 (0ms)
			AwakeInstancesAfterBackupRestoration (0ms)
Platform modules already initialized, skipping
Registering precompiled user dll's ...
Registered in 0.006961 seconds.
Begin MonoManager ReloadAssembly
Symbol file LoadedFromMemory doesn't match image D:\kaiyan\Documents\GitHub\CEM-VR-Final\Unity Project\Giroux-CAP6117-SANC - crown\Library\PackageCache\com.unity.visualscripting@1.7.8\Editor\VisualScripting.Core\Dependencies\DotNetZip\Unity.VisualScripting.IonicZip.dll
Symbol file LoadedFromMemory doesn't match image D:\kaiyan\Documents\GitHub\CEM-VR-Final\Unity Project\Giroux-CAP6117-SANC - crown\Library\PackageCache\com.unity.visualscripting@1.7.8\Editor\VisualScripting.Core\Dependencies\YamlDotNet\Unity.VisualScripting.YamlDotNet.dll
Native extension for WindowsStandalone target not found
Refreshing native plugins compatible for Editor in 88.03 ms, found 12 plugins.
Preloading 1 native plugins for Editor in 0.07 ms.
Package Manager log level set to [2]
System.Reflection.TargetInvocationException: Exception has been thrown by the target of an invocation. ---> System.NullReferenceException: Object reference not set to an instance of an object
  at Unity.XR.Oculus.OculusLoader.AssetPathToAbsolutePath (System.String assetPath) [0x0003d] in D:\kaiyan\Documents\GitHub\CEM-VR-Final\Unity Project\Giroux-CAP6117-SANC - crown\Library\PackageCache\com.unity.xr.oculus@3.0.2\Runtime\OculusLoader.cs:271 
  at Unity.XR.Oculus.OculusLoader.EditorLoadOVRPlugin () [0x0007b] in D:\kaiyan\Documents\GitHub\CEM-VR-Final\Unity Project\Giroux-CAP6117-SANC - crown\Library\PackageCache\com.unity.xr.oculus@3.0.2\Runtime\OculusLoader.cs:256 
  at (wrapper managed-to-native) System.Reflection.RuntimeMethodInfo.InternalInvoke(System.Reflection.RuntimeMethodInfo,object,object[],System.Exception&)
  at System.Reflection.RuntimeMethodInfo.Invoke (System.Object obj, System.Reflection.BindingFlags invokeAttr, System.Reflection.Binder binder, System.Object[] parameters, System.Globalization.CultureInfo culture) [0x0006a] in <c2a97e0383e8404c9fc0ae19d58f57f1>:0 
   --- End of inner exception stack trace ---
  at System.Reflection.RuntimeMethodInfo.Invoke (System.Object obj, System.Reflection.BindingFlags invokeAttr, System.Reflection.Binder binder, System.Object[] parameters, System.Globalization.CultureInfo culture) [0x00083] in <c2a97e0383e8404c9fc0ae19d58f57f1>:0 
  at System.Reflection.MethodBase.Invoke (System.Object obj, System.Object[] parameters) [0x00000] in <c2a97e0383e8404c9fc0ae19d58f57f1>:0 
  at UnityEditor.EditorAssemblies.ProcessInitializeOnLoadMethodAttributes () [0x000a5] in <5f40cdb07bd44d76a23dad985a4ec283>:0 
UnityEngine.StackTraceUtility:ExtractStackTrace ()
UnityEngine.DebugLogHandler:LogFormat (UnityEngine.LogType,UnityEngine.Object,string,object[])
UnityEngine.Logger:Log (UnityEngine.LogType,object)
UnityEngine.Debug:LogError (object)
UnityEditor.EditorAssemblies:ProcessInitializeOnLoadMethodAttributes ()

Mono: successfully reloaded assembly
- Completed reload, in  2.058 seconds
Domain Reload Profiling:
	ReloadAssembly (2059ms)
		BeginReloadAssembly (101ms)
			ExecutionOrderSort (0ms)
			DisableScriptedObjects (5ms)
			BackupInstance (0ms)
			ReleaseScriptingObjects (0ms)
			CreateAndSetChildDomain (16ms)
		EndReloadAssembly (1580ms)
			LoadAssemblies (681ms)
			RebuildTransferFunctionScriptingTraits (0ms)
			SetupTypeCache (225ms)
			ReleaseScriptCaches (1ms)
			RebuildScriptCaches (54ms)
			SetupLoadedEditorAssemblies (581ms)
				LogAssemblyErrors (0ms)
				InitializePlatformSupportModulesInManaged (5ms)
				SetLoadedEditorAssemblies (0ms)
				RefreshPlugins (88ms)
				BeforeProcessingInitializeOnLoad (91ms)
				ProcessInitializeOnLoadAttributes (323ms)
				ProcessInitializeOnLoadMethodAttributes (64ms)
				AfterProcessingInitializeOnLoad (9ms)
				EditorAssembliesLoaded (0ms)
			ExecutionOrderSort2 (0ms)
			AwakeInstancesAfterBackupRestoration (4ms)
Platform modules already initialized, skipping
========================================================================
Worker process is ready to serve import requests
Launched and connected shader compiler UnityShaderCompiler.exe after 0.19 seconds
Refreshing native plugins compatible for Editor in 1.42 ms, found 12 plugins.
Preloading 1 native plugins for Editor in 0.14 ms.
Unloading 4380 Unused Serialized files (Serialized files now loaded: 0)
Unloading 76 unused Assets / (1.5 MB). Loaded Objects now: 4816.
Memory consumption went from 164.4 MB to 162.9 MB.
Total: 5.305600 ms (FindLiveObjects: 0.556300 ms CreateObjectMapping: 0.305600 ms MarkObjects: 4.095400 ms  DeleteObjects: 0.347000 ms)

AssetImportParameters requested are different than current active one (requested -> active):
  custom:video-decoder-ogg-theora: a1e56fd34408186e4bbccfd4996cb3dc -> 
  custom:container-muxer-webm: aa71ff27fc2769a1b78a27578f13a17b -> 
  custom:container-demuxer-webm: 4f35f7cbe854078d1ac9338744f61a02 -> 
  custom:video-encoder-webm-vp8: eb34c28f22e8b96e1ab97ce403110664 -> 
  custom:audio-encoder-webm-vorbis: bf7c407c2cedff20999df2af8eb42d56 -> 
  custom:framework-win-MediaFoundation: 216162199b28c13a410421893ffa2e32 -> 
  custom:container-demuxer-ogg: 62fdf1f143b41e24485cea50d1cbac27 -> 
  custom:video-decoder-webm-vp8: 9c59270c3fd7afecdb556c50c9e8de78 -> 
  custom:audio-decoder-ogg-vorbis: bf7c407c2cedff20999df2af8eb42d56 -> 
========================================================================
Received Import Request.
  Time since last request: 23219.479472 seconds.
  path: Assets/Scenes/CemeteryAssetsFull.unity
  artifactKey: Guid(5693d05b61db15a4aafa623c40cf9e28) Importer(815301076,1909f56bfc062723c751e8b465ee728b)
Start importing Assets/Scenes/CemeteryAssetsFull.unity using Guid(5693d05b61db15a4aafa623c40cf9e28) Importer(815301076,1909f56bfc062723c751e8b465ee728b)  -> (artifact id: '5d225b1a445a9db37edc372d4d462904') in 0.034288 seconds 
========================================================================
Received Import Request.
  Time since last request: 95.123320 seconds.
  path: Assets/Models/Coins
  artifactKey: Guid(cf219900bd9ba594ea9be0ee001aa756) Importer(815301076,1909f56bfc062723c751e8b465ee728b)
Start importing Assets/Models/Coins using Guid(cf219900bd9ba594ea9be0ee001aa756) Importer(815301076,1909f56bfc062723c751e8b465ee728b)  -> (artifact id: 'a2e22efcba354cc9e6528c3e52cf60b0') in 0.009737 seconds 
========================================================================
Received Import Request.
  Time since last request: 1.626032 seconds.
  path: Assets/Models/Coins/dime.obj
  artifactKey: Guid(3c092626c932fe24cbcb892ebace7549) Importer(815301076,1909f56bfc062723c751e8b465ee728b)
Start importing Assets/Models/Coins/dime.obj using Guid(3c092626c932fe24cbcb892ebace7549) Importer(815301076,1909f56bfc062723c751e8b465ee728b)  -> (artifact id: 'a946d9a49a0c612b748ff8114caa1483') in 0.351035 seconds 
========================================================================
Received Import Request.
  Time since last request: 64.912773 seconds.
  path: Assets/Models/Coins/Coins_USSR_1924.FBX
  artifactKey: Guid(3d85d4c3af3e4ba4aa88a23174721f50) Importer(815301076,1909f56bfc062723c751e8b465ee728b)
Start importing Assets/Models/Coins/Coins_USSR_1924.FBX using Guid(3d85d4c3af3e4ba4aa88a23174721f50) Importer(815301076,1909f56bfc062723c751e8b465ee728b)  -> (artifact id: '231fb1d85c863784af4bedbcd3ff0c7b') in 0.180392 seconds 
========================================================================
Received Import Request.
  Time since last request: 0.994006 seconds.
  path: Assets/Models/Coins/Texture
  artifactKey: Guid(4f07b9b88921ba44fb056530a852cf88) Importer(815301076,1909f56bfc062723c751e8b465ee728b)
Start importing Assets/Models/Coins/Texture using Guid(4f07b9b88921ba44fb056530a852cf88) Importer(815301076,1909f56bfc062723c751e8b465ee728b)  -> (artifact id: '9abab151722583719e50d463550abd14') in 0.008854 seconds 
========================================================================
Received Import Request.
  Time since last request: 2.491887 seconds.
  path: Assets/Models/Coins/Texture/Coin_USSR_10_Kopeek_1924_Gurt.tga
  artifactKey: Guid(4186c5746f36e45448885edc1b4018a4) Importer(815301076,1909f56bfc062723c751e8b465ee728b)
Start importing Assets/Models/Coins/Texture/Coin_USSR_10_Kopeek_1924_Gurt.tga using Guid(4186c5746f36e45448885edc1b4018a4) Importer(815301076,1909f56bfc062723c751e8b465ee728b)  -> (artifact id: 'e57632fd8357adf70b610ce41f845b62') in 0.024159 seconds 
========================================================================
Received Import Request.
  Time since last request: 27.567756 seconds.
  path: Assets/Models/Coins/Texture/Coin_USSR_50_Kopeek_1924_Body.tga
  artifactKey: Guid(4a806e0e6ccbea5419af23a1b2bb4482) Importer(815301076,1909f56bfc062723c751e8b465ee728b)
Start importing Assets/Models/Coins/Texture/Coin_USSR_50_Kopeek_1924_Body.tga using Guid(4a806e0e6ccbea5419af23a1b2bb4482) Importer(815301076,1909f56bfc062723c751e8b465ee728b)  -> (artifact id: '521e1abfc76cec65a6f498543f7f67dd') in 0.013673 seconds 
========================================================================
Received Import Request.
  Time since last request: 2.034460 seconds.
  path: Assets/Models/Coins/Texture/dime.mtl
  artifactKey: Guid(f054ed58420ec404787d3ae72eee6b55) Importer(815301076,1909f56bfc062723c751e8b465ee728b)
Start importing Assets/Models/Coins/Texture/dime.mtl using Guid(f054ed58420ec404787d3ae72eee6b55) Importer(815301076,1909f56bfc062723c751e8b465ee728b)  -> (artifact id: 'b4ee181c421a3fb32c447fc2659f44a1') in 0.007399 seconds 
========================================================================
Received Import Request.
  Time since last request: 7.248900 seconds.
  path: Assets/Models/Coins/Texture/Coin_USSR_50_Kopeek_1924_Gurt.tga
  artifactKey: Guid(cd5a356609572c54481b64de07be2d06) Importer(815301076,1909f56bfc062723c751e8b465ee728b)
Start importing Assets/Models/Coins/Texture/Coin_USSR_50_Kopeek_1924_Gurt.tga using Guid(cd5a356609572c54481b64de07be2d06) Importer(815301076,1909f56bfc062723c751e8b465ee728b)  -> (artifact id: '37ded037e35bfed5adc0b29448856ba3') in 0.454701 seconds 
========================================================================
Received Import Request.
  Time since last request: 115.528231 seconds.
  path: Assets/Models/Coins/Texture/dime.png
  artifactKey: Guid(1ed0adf3b63f9c9458f3ffbb100db97f) Importer(815301076,1909f56bfc062723c751e8b465ee728b)
Start importing Assets/Models/Coins/Texture/dime.png using Guid(1ed0adf3b63f9c9458f3ffbb100db97f) Importer(815301076,1909f56bfc062723c751e8b465ee728b)  -> (artifact id: 'f8d41de758864b8b73963decaf1c2b4a') in 0.021097 seconds 
========================================================================
Received Import Request.
  Time since last request: 94.737103 seconds.
  path: Assets/Models/Coins/nickel.obj
  artifactKey: Guid(bcdcf5b56a25be741854c4e8c2ad0c4c) Importer(815301076,1909f56bfc062723c751e8b465ee728b)
Start importing Assets/Models/Coins/nickel.obj using Guid(bcdcf5b56a25be741854c4e8c2ad0c4c) Importer(815301076,1909f56bfc062723c751e8b465ee728b)  -> (artifact id: '63832acdc91080dd5c42dd96ab8d4bed') in 0.027625 seconds 
========================================================================
Received Import Request.
  Time since last request: 13.703052 seconds.
  path: Assets/Models/Coins/Texture/nickel.png
  artifactKey: Guid(02d9c06af33ff584b9b676878f947318) Importer(815301076,1909f56bfc062723c751e8b465ee728b)
Start importing Assets/Models/Coins/Texture/nickel.png using Guid(02d9c06af33ff584b9b676878f947318) Importer(815301076,1909f56bfc062723c751e8b465ee728b)  -> (artifact id: 'f799bb4ba068b2d3eb5f8fe40f328239') in 0.014446 seconds 
========================================================================
Received Import Request.
  Time since last request: 3.938384 seconds.
  path: Assets/Models/Coins/nickel.png
  artifactKey: Guid(a90a24bfedd21ba448fbee13e46f1b7b) Importer(815301076,1909f56bfc062723c751e8b465ee728b)
Start importing Assets/Models/Coins/nickel.png using Guid(a90a24bfedd21ba448fbee13e46f1b7b) Importer(815301076,1909f56bfc062723c751e8b465ee728b)  -> (artifact id: '726a73cc0aa2f7a9db49fd04f3a1d9bf') in 0.014022 seconds 
========================================================================
Received Import Request.
  Time since last request: 40.035694 seconds.
  path: Assets/Models/Coins/quarter.obj
  artifactKey: Guid(041c9ffdbd669744998a632aa3188b1b) Importer(815301076,1909f56bfc062723c751e8b465ee728b)
Start importing Assets/Models/Coins/quarter.obj using Guid(041c9ffdbd669744998a632aa3188b1b) Importer(815301076,1909f56bfc062723c751e8b465ee728b)  -> (artifact id: '7355a971e44da064993a9f3ce7c9365a') in 0.036390 seconds 
========================================================================
Received Import Request.
  Time since last request: 18.412875 seconds.
  path: Assets/Models/Coins/penny.obj
  artifactKey: Guid(08290eb88a805be4fb10517ce6f086cd) Importer(815301076,1909f56bfc062723c751e8b465ee728b)
Start importing Assets/Models/Coins/penny.obj using Guid(08290eb88a805be4fb10517ce6f086cd) Importer(815301076,1909f56bfc062723c751e8b465ee728b)  -> (artifact id: 'e1390bf6a1e818ee21d6284995414d82') in 0.034201 seconds 
========================================================================
Received Import Request.
  Time since last request: 108.051939 seconds.
  path: Assets/Models/Coins/Texture/penny.png
  artifactKey: Guid(c5aa587b16d9b9b48973cc6e6f655171) Importer(815301076,1909f56bfc062723c751e8b465ee728b)
Start importing Assets/Models/Coins/Texture/penny.png using Guid(c5aa587b16d9b9b48973cc6e6f655171) Importer(815301076,1909f56bfc062723c751e8b465ee728b)  -> (artifact id: '2977a8ccc85645fc7b78870c1189ae4d') in 0.016625 seconds 
========================================================================
Received Import Request.
  Time since last request: 9.753759 seconds.
  path: Assets/Models/Coins/Texture/quarter.png
  artifactKey: Guid(66caf6a995ecb314aa6edec618ec04cb) Importer(815301076,1909f56bfc062723c751e8b465ee728b)
Start importing Assets/Models/Coins/Texture/quarter.png using Guid(66caf6a995ecb314aa6edec618ec04cb) Importer(815301076,1909f56bfc062723c751e8b465ee728b)  -> (artifact id: '894fc18cc46b83c939240fc5c3baf951') in 0.014120 seconds 
========================================================================
Received Import Request.
  Time since last request: 49.719567 seconds.
  path: Assets/Objects
  artifactKey: Guid(d6f1cf92ddbc7f042b25b692948edb15) Importer(815301076,1909f56bfc062723c751e8b465ee728b)
Start importing Assets/Objects using Guid(d6f1cf92ddbc7f042b25b692948edb15) Importer(815301076,1909f56bfc062723c751e8b465ee728b)  -> (artifact id: '84ffef480cb6ed0495bf7723c0dc07c0') in 0.009198 seconds 
========================================================================
Received Import Request.
  Time since last request: 15.342546 seconds.
  path: Assets/Objects/Coins
  artifactKey: Guid(a2209cb899c39d84697e6cd940f5ebd0) Importer(815301076,1909f56bfc062723c751e8b465ee728b)
Start importing Assets/Objects/Coins using Guid(a2209cb899c39d84697e6cd940f5ebd0) Importer(815301076,1909f56bfc062723c751e8b465ee728b)  -> (artifact id: 'a772d42c7931b31b81d5a7ab5dca85ba') in 0.002176 seconds 
========================================================================
Received Import Request.
  Time since last request: 8.117039 seconds.
  path: Assets/Objects/Coins/nickel.prefab
  artifactKey: Guid(d0a49744773e217488498d87a184e6a5) Importer(815301076,1909f56bfc062723c751e8b465ee728b)
Start importing Assets/Objects/Coins/nickel.prefab using Guid(d0a49744773e217488498d87a184e6a5) Importer(815301076,1909f56bfc062723c751e8b465ee728b)  -> (artifact id: '6ba2a2b5f3d119fe76749954a53b9616') in 0.022058 seconds 
========================================================================
Received Import Request.
  Time since last request: 1.564430 seconds.
  path: Assets/Objects/Coins/dime.prefab
  artifactKey: Guid(4e88eb09e8692d1408f1ff136e93f3f2) Importer(815301076,1909f56bfc062723c751e8b465ee728b)
Start importing Assets/Objects/Coins/dime.prefab using Guid(4e88eb09e8692d1408f1ff136e93f3f2) Importer(815301076,1909f56bfc062723c751e8b465ee728b)  -> (artifact id: 'f19ece983c349a26253e21eb36aadc9d') in 0.015320 seconds 
